This is XeTeX, Version 3.141592653-2.6-0.999994 (TeX Live 2022) (preloaded format=xelatex 2022.7.29)  21 NOV 2022 16:57
entering extended mode
 restricted \write18 enabled.
 %&-line parsing enabled.
**mori.tex
(./mori.tex
LaTeX2e <2022-06-01> patch level 5
L3 programming layer <2022-07-15>
(c:/texlive/2022/texmf-dist/tex/latex/ctex/ctexbook.cls
(c:/texlive/2022/texmf-dist/tex/latex/ctex/config/ctexbackend.cfg
File: ctexbackend.cfg 2022/07/14 v2.5.10 Backend configuration file (CTEX)
)
(c:/texlive/2022/texmf-dist/tex/latex/l3kernel/expl3.sty
Package: expl3 2022-07-15 L3 programming layer (loader) 

(c:/texlive/2022/texmf-dist/tex/latex/l3backend/l3backend-xetex.def
File: l3backend-xetex.def 2022-07-01 L3 backend support: XeTeX
\g__graphics_track_int=\count181
\l__pdf_internal_box=\box51
\g__pdf_backend_object_int=\count182
\g__pdf_backend_annotation_int=\count183
\g__pdf_backend_link_int=\count184
))
Document Class: ctexbook 2022/07/14 v2.5.10 Chinese adapter for class book (CTE
X)
(c:/texlive/2022/texmf-dist/tex/latex/ctex/ctexhook.sty
Package: ctexhook 2022/07/14 v2.5.10 Document and package hooks (CTEX)
)
(c:/texlive/2022/texmf-dist/tex/latex/ctex/ctexpatch.sty
Package: ctexpatch 2022/07/14 v2.5.10 Patching commands (CTEX)
)
(c:/texlive/2022/texmf-dist/tex/latex/base/fix-cm.sty
Package: fix-cm 2020/11/24 v1.1t fixes to LaTeX

(c:/texlive/2022/texmf-dist/tex/latex/base/ts1enc.def
File: ts1enc.def 2001/06/05 v3.0e (jk/car/fm) Standard LaTeX file
LaTeX Font Info:    Redeclaring font encoding TS1 on input line 47.
))
\l__ctex_tmp_int=\count185
\l__ctex_tmp_box=\box52
\l__ctex_tmp_dim=\dimen138
\g__ctex_section_depth_int=\count186
\g__ctex_font_size_int=\count187

(c:/texlive/2022/texmf-dist/tex/latex/ctex/config/ctexopts.cfg
File: ctexopts.cfg 2022/07/14 v2.5.10 Option configuration file (CTEX)
)
(c:/texlive/2022/texmf-dist/tex/latex/base/book.cls
Document Class: book 2021/10/04 v1.4n Standard LaTeX document class
(c:/texlive/2022/texmf-dist/tex/latex/base/bk10.clo
File: bk10.clo 2021/10/04 v1.4n Standard LaTeX file (size option)
)
\c@part=\count188
\c@chapter=\count189
\c@section=\count190
\c@subsection=\count191
\c@subsubsection=\count192
\c@paragraph=\count193
\c@subparagraph=\count194
\c@figure=\count195
\c@table=\count196
\abovecaptionskip=\skip47
\belowcaptionskip=\skip48
\bibindent=\dimen139
)
(c:/texlive/2022/texmf-dist/tex/latex/ctex/engine/ctex-engine-xetex.def
File: ctex-engine-xetex.def 2022/07/14 v2.5.10 XeLaTeX adapter (CTEX)

(c:/texlive/2022/texmf-dist/tex/xelatex/xecjk/xeCJK.sty
Package: xeCJK 2022/07/14 v3.9.0 Typesetting CJK scripts with XeLaTeX

(c:/texlive/2022/texmf-dist/tex/latex/l3packages/xtemplate/xtemplate.sty
Package: xtemplate 2022-06-22 L3 Experimental prototype document functions
\l__xtemplate_tmp_dim=\dimen140
\l__xtemplate_tmp_int=\count197
\l__xtemplate_tmp_muskip=\muskip16
\l__xtemplate_tmp_skip=\skip49
)
\l__xeCJK_tmp_int=\count198
\l__xeCJK_tmp_box=\box53
\l__xeCJK_tmp_dim=\dimen141
\l__xeCJK_tmp_skip=\skip50
\g__xeCJK_space_factor_int=\count199
\l__xeCJK_begin_int=\count266
\l__xeCJK_end_int=\count267
\c__xeCJK_CJK_class_int=\XeTeXcharclass1
\c__xeCJK_FullLeft_class_int=\XeTeXcharclass2
\c__xeCJK_FullRight_class_int=\XeTeXcharclass3
\c__xeCJK_HalfLeft_class_int=\XeTeXcharclass4
\c__xeCJK_HalfRight_class_int=\XeTeXcharclass5
\c__xeCJK_NormalSpace_class_int=\XeTeXcharclass6
\c__xeCJK_CM_class_int=\XeTeXcharclass7
\c__xeCJK_HangulJamo_class_int=\XeTeXcharclass8
\l__xeCJK_last_skip=\skip51
\g__xeCJK_node_int=\count268
\c__xeCJK_CJK_node_dim=\dimen142
\c__xeCJK_CJK-space_node_dim=\dimen143
\c__xeCJK_default_node_dim=\dimen144
\c__xeCJK_CJK-widow_node_dim=\dimen145
\c__xeCJK_normalspace_node_dim=\dimen146
\c__xeCJK_default-space_node_skip=\skip52
\l__xeCJK_ccglue_skip=\skip53
\l__xeCJK_ecglue_skip=\skip54
\l__xeCJK_punct_kern_skip=\skip55
\l__xeCJK_indent_box=\box54
\l__xeCJK_last_penalty_int=\count269
\l__xeCJK_last_bound_dim=\dimen147
\l__xeCJK_last_kern_dim=\dimen148
\l__xeCJK_widow_penalty_int=\count270

Package xtemplate Info: Declaring object type 'xeCJK/punctuation' taking 0
(xtemplate)             argument(s) on line 2382.

\l__xeCJK_fixed_punct_width_dim=\dimen149
\l__xeCJK_mixed_punct_width_dim=\dimen150
\l__xeCJK_middle_punct_width_dim=\dimen151
\l__xeCJK_fixed_margin_width_dim=\dimen152
\l__xeCJK_mixed_margin_width_dim=\dimen153
\l__xeCJK_middle_margin_width_dim=\dimen154
\l__xeCJK_bound_punct_width_dim=\dimen155
\l__xeCJK_bound_margin_width_dim=\dimen156
\l__xeCJK_margin_minimum_dim=\dimen157
\l__xeCJK_kerning_total_width_dim=\dimen158
\l__xeCJK_same_align_margin_dim=\dimen159
\l__xeCJK_different_align_margin_dim=\dimen160
\l__xeCJK_kerning_margin_width_dim=\dimen161
\l__xeCJK_kerning_margin_minimum_dim=\dimen162
\l__xeCJK_bound_dim=\dimen163
\l__xeCJK_reverse_bound_dim=\dimen164
\l__xeCJK_margin_dim=\dimen165
\l__xeCJK_minimum_bound_dim=\dimen166
\l__xeCJK_kerning_margin_dim=\dimen167
\g__xeCJK_family_int=\count271
\l__xeCJK_fam_int=\count272
\g__xeCJK_fam_allocation_int=\count273
\l__xeCJK_verb_case_int=\count274
\l__xeCJK_verb_exspace_skip=\skip56

(c:/texlive/2022/texmf-dist/tex/latex/fontspec/fontspec.sty
(c:/texlive/2022/texmf-dist/tex/latex/l3packages/xparse/xparse.sty
Package: xparse 2022-06-22 L3 Experimental document command parser
)
Package: fontspec 2022/01/15 v2.8a Font selection for XeLaTeX and LuaLaTeX

(c:/texlive/2022/texmf-dist/tex/latex/fontspec/fontspec-xetex.sty
Package: fontspec-xetex 2022/01/15 v2.8a Font selection for XeLaTeX and LuaLaTe
X
\l__fontspec_script_int=\count275
\l__fontspec_language_int=\count276
\l__fontspec_strnum_int=\count277
\l__fontspec_tmp_int=\count278
\l__fontspec_tmpa_int=\count279
\l__fontspec_tmpb_int=\count280
\l__fontspec_tmpc_int=\count281
\l__fontspec_em_int=\count282
\l__fontspec_emdef_int=\count283
\l__fontspec_strong_int=\count284
\l__fontspec_strongdef_int=\count285
\l__fontspec_tmpa_dim=\dimen168
\l__fontspec_tmpb_dim=\dimen169
\l__fontspec_tmpc_dim=\dimen170

(c:/texlive/2022/texmf-dist/tex/latex/base/fontenc.sty
Package: fontenc 2021/04/29 v2.0v Standard LaTeX package
)
(c:/texlive/2022/texmf-dist/tex/latex/fontspec/fontspec.cfg)))
(c:/texlive/2022/texmf-dist/tex/xelatex/xecjk/xeCJK.cfg
File: xeCJK.cfg 2022/07/14 v3.9.0 Configuration file for xeCJK package
))
\ccwd=\dimen171
\l__ctex_ccglue_skip=\skip57
)
\l__ctex_ziju_dim=\dimen172

(c:/texlive/2022/texmf-dist/tex/latex/zhnumber/zhnumber.sty
Package: zhnumber 2022/07/14 v3.0 Typesetting numbers with Chinese glyphs
\l__zhnum_scale_int=\count286
\l__zhnum_tmp_int=\count287

(c:/texlive/2022/texmf-dist/tex/latex/zhnumber/zhnumber-utf8.cfg
File: zhnumber-utf8.cfg 2022/07/14 v3.0 Chinese numerals with UTF8 encoding
))
\l__ctex_heading_skip=\skip58

(c:/texlive/2022/texmf-dist/tex/latex/ctex/scheme/ctex-scheme-chinese-book.def
File: ctex-scheme-chinese-book.def 2022/07/14 v2.5.10 Chinese scheme for book (
CTEX)

(c:/texlive/2022/texmf-dist/tex/latex/ctex/config/ctex-name-utf8.cfg
File: ctex-name-utf8.cfg 2022/07/14 v2.5.10 Caption with encoding UTF-8 (CTEX)
))
(c:/texlive/2022/texmf-dist/tex/latex/ctex/ctex-c5size.clo
File: ctex-c5size.clo 2022/07/14 v2.5.10 c5size option (CTEX)
)
(c:/texlive/2022/texmf-dist/tex/latex/ctex/fontset/ctex-fontset-windows.def
File: ctex-fontset-windows.def 2022/07/14 v2.5.10 Windows fonts definition (CTE
X)

Package fontspec Info: Could not resolve font "KaiTi/B" (it probably doesn't
(fontspec)             exist).


Package fontspec Info: Could not resolve font "SimHei/I" (it probably doesn't
(fontspec)             exist).


Package fontspec Info: Could not resolve font "SimSun/BI" (it probably doesn't
(fontspec)             exist).


Package fontspec Info: Font family 'SimSun(0)' created for font 'SimSun' with
(fontspec)             options
(fontspec)             [Script={CJK},BoldFont={SimHei},ItalicFont={KaiTi}].
(fontspec)              
(fontspec)              This font family consists of the following NFSS
(fontspec)             series/shapes:
(fontspec)              
(fontspec)             - 'normal' (m/n) with NFSS spec.:
(fontspec)             <->"SimSun/OT:script=hani;language=dflt;"
(fontspec)             - 'small caps'  (m/sc) with NFSS spec.: 
(fontspec)             - 'bold' (b/n) with NFSS spec.:
(fontspec)             <->"SimHei/OT:script=hani;language=dflt;"
(fontspec)             - 'bold small caps'  (b/sc) with NFSS spec.: 
(fontspec)             - 'italic' (m/it) with NFSS spec.:
(fontspec)             <->"KaiTi/OT:script=hani;language=dflt;"
(fontspec)             - 'italic small caps'  (m/scit) with NFSS spec.: 

))
(c:/texlive/2022/texmf-dist/tex/latex/ctex/config/ctex.cfg
File: ctex.cfg 2022/07/14 v2.5.10 Configuration file (CTEX)
)

Class ctexbook Warning: Command `\CTEXsetup' is deprecated.
(ctexbook)              \ctexset { chapter = { number={\chinese {chapter}},
(ctexbook)              format + = {\kaishu \zihao {2}} } } is set.


Class ctexbook Warning: Command `\CTEXsetup' is deprecated.
(ctexbook)              \ctexset { section = { number={\chinese {section}},
(ctexbook)              format + = {\fangsong \zihao {3}} } } is set.

(c:/texlive/2022/texmf-dist/tex/latex/amsmath/amsmath.sty
Package: amsmath 2022/04/08 v2.17n AMS math features
\@mathmargin=\skip59

For additional information on amsmath, use the `?' option.
(c:/texlive/2022/texmf-dist/tex/latex/amsmath/amstext.sty
Package: amstext 2021/08/26 v2.01 AMS text

(c:/texlive/2022/texmf-dist/tex/latex/amsmath/amsgen.sty
File: amsgen.sty 1999/11/30 v2.0 generic functions
\@emptytoks=\toks16
\ex@=\dimen173
))
(c:/texlive/2022/texmf-dist/tex/latex/amsmath/amsbsy.sty
Package: amsbsy 1999/11/29 v1.2d Bold Symbols
\pmbraise@=\dimen174
)
(c:/texlive/2022/texmf-dist/tex/latex/amsmath/amsopn.sty
Package: amsopn 2022/04/08 v2.04 operator names
)
\inf@bad=\count288
LaTeX Info: Redefining \frac on input line 234.
\uproot@=\count289
\leftroot@=\count290
LaTeX Info: Redefining \overline on input line 399.
LaTeX Info: Redefining \colon on input line 410.
\classnum@=\count291
\DOTSCASE@=\count292
LaTeX Info: Redefining \ldots on input line 496.
LaTeX Info: Redefining \dots on input line 499.
LaTeX Info: Redefining \cdots on input line 620.
\Mathstrutbox@=\box55
\strutbox@=\box56
LaTeX Info: Redefining \big on input line 722.
LaTeX Info: Redefining \Big on input line 723.
LaTeX Info: Redefining \bigg on input line 724.
LaTeX Info: Redefining \Bigg on input line 725.
\big@size=\dimen175
LaTeX Font Info:    Redeclaring font encoding OML on input line 743.
LaTeX Font Info:    Redeclaring font encoding OMS on input line 744.
\macc@depth=\count293
LaTeX Info: Redefining \bmod on input line 905.
LaTeX Info: Redefining \pmod on input line 910.
LaTeX Info: Redefining \smash on input line 940.
LaTeX Info: Redefining \relbar on input line 970.
LaTeX Info: Redefining \Relbar on input line 971.
\c@MaxMatrixCols=\count294
\dotsspace@=\muskip17
\c@parentequation=\count295
\dspbrk@lvl=\count296
\tag@help=\toks17
\row@=\count297
\column@=\count298
\maxfields@=\count299
\andhelp@=\toks18
\eqnshift@=\dimen176
\alignsep@=\dimen177
\tagshift@=\dimen178
\tagwidth@=\dimen179
\totwidth@=\dimen180
\lineht@=\dimen181
\@envbody=\toks19
\multlinegap=\skip60
\multlinetaggap=\skip61
\mathdisplay@stack=\toks20
LaTeX Info: Redefining \[ on input line 2953.
LaTeX Info: Redefining \] on input line 2954.
)
(c:/texlive/2022/texmf-dist/tex/latex/amsfonts/amssymb.sty
Package: amssymb 2013/01/14 v3.01 AMS font symbols

(c:/texlive/2022/texmf-dist/tex/latex/amsfonts/amsfonts.sty
Package: amsfonts 2013/01/14 v3.01 Basic AMSFonts support
\symAMSa=\mathgroup4
\symAMSb=\mathgroup5
LaTeX Font Info:    Redeclaring math symbol \hbar on input line 98.
LaTeX Font Info:    Overwriting math alphabet `\mathfrak' in version `bold'
(Font)                  U/euf/m/n --> U/euf/b/n on input line 106.
))
(c:/texlive/2022/texmf-dist/tex/xelatex/xecjk/xunicode-addon.sty
Package: xunicode-addon 2022/07/14 v3.9.0 addon file for xunicode

(c:/texlive/2022/texmf-dist/tex/xelatex/xunicode/xunicode.sty
File: xunicode.sty 2011/09/09 v0.981 provides access to latin accents and many 
other characters in Unicode lower plane

(c:/texlive/2022/texmf-dist/tex/latex/tipa/t3enc.def
File: t3enc.def 2001/12/31 T3 encoding

Package fontspec Info: Could not resolve font "Microsoft YaHei Bold/I" (it
(fontspec)             probably doesn't exist).


Package fontspec Info: Could not resolve font "Microsoft YaHei/I" (it probably
(fontspec)             doesn't exist).


Package fontspec Info: Font family 'MicrosoftYaHei(0)' created for font
(fontspec)             'Microsoft YaHei' with options
(fontspec)             [Script={CJK},BoldFont={* Bold}].
(fontspec)              
(fontspec)              This font family consists of the following NFSS
(fontspec)             series/shapes:
(fontspec)              
(fontspec)             - 'normal' (m/n) with NFSS spec.: <->"Microsoft
(fontspec)             YaHei/OT:script=hani;language=dflt;"
(fontspec)             - 'small caps'  (m/sc) with NFSS spec.: 
(fontspec)             - 'bold' (b/n) with NFSS spec.: <->"Microsoft YaHei
(fontspec)             Bold/OT:script=hani;language=dflt;"
(fontspec)             - 'bold small caps'  (b/sc) with NFSS spec.: 
(fontspec)             - 'bold italic' (b/it) with NFSS spec.: <->"Microsoft
(fontspec)             YaHei/BI/OT:script=hani;language=dflt;"
(fontspec)             - 'bold italic small caps'  (b/scit) with NFSS spec.: 

)
\tipaTiiicode=\count300
\tipasavetokens=\toks21
\tipachecktokens=\toks22

(c:/texlive/2022/texmf-dist/tex/latex/graphics/graphicx.sty
Package: graphicx 2021/09/16 v1.2d Enhanced LaTeX Graphics (DPC,SPQR)

(c:/texlive/2022/texmf-dist/tex/latex/graphics/keyval.sty
Package: keyval 2022/05/29 v1.15 key=value parser (DPC)
\KV@toks@=\toks23
)
(c:/texlive/2022/texmf-dist/tex/latex/graphics/graphics.sty
Package: graphics 2022/03/10 v1.4e Standard LaTeX Graphics (DPC,SPQR)

(c:/texlive/2022/texmf-dist/tex/latex/graphics/trig.sty
Package: trig 2021/08/11 v1.11 sin cos tan (DPC)
)
(c:/texlive/2022/texmf-dist/tex/latex/graphics-cfg/graphics.cfg
File: graphics.cfg 2016/06/04 v1.11 sample graphics configuration
)
Package graphics Info: Driver file: xetex.def on input line 107.

(c:/texlive/2022/texmf-dist/tex/latex/graphics-def/xetex.def
File: xetex.def 2022/04/16 v5.0m Graphics/color driver for xetex
))
\Gin@req@height=\dimen182
\Gin@req@width=\dimen183
))
\l__xunadd_tmp_coffin=\box57
\l__xunadd_circle_coffin=\box58
\l_xunadd_slot_int=\count301
)
(c:/texlive/2022/texmf-dist/tex/xelatex/xunicode/xunicode.sty
File: xunicode.sty 2011/09/09 v0.981 provides access to latin accents and many 
other characters in Unicode lower plane

*** Reloading Xunicode for encoding 'TU' ***
) (c:/texlive/2022/texmf-dist/tex/xelatex/xecjk/xunicode-extra.def
File: xunicode-extra.def 2022/07/14 v3.9.0 extra definition for xunicode
)
(c:/texlive/2022/texmf-dist/tex/latex/siunitx/siunitx-v2.sty

LaTeX Warning: You have requested package `siunitx-v2',
               but the package provides `siunitx'.

Package: siunitx 2021-04-17 v2.8e A comprehensive (SI) units package
(c:/texlive/2022/texmf-dist/tex/latex/tools/array.sty
Package: array 2022/03/10 v2.5f Tabular extension package (FMi)
\col@sep=\dimen184
\ar@mcellbox=\box59
\extrarowheight=\dimen185
\NC@list=\toks24
\extratabsurround=\skip62
\backup@length=\skip63
\ar@cellbox=\box60
)
(c:/texlive/2022/texmf-dist/tex/latex/l3packages/l3keys2e/l3keys2e.sty
Package: l3keys2e 2022-06-22 LaTeX2e option processing using LaTeX3 keys
)
\l__siunitx_tmp_box=\box61
\l__siunitx_tmp_dim=\dimen186
\l__siunitx_tmp_int=\count302
\l__siunitx_number_mantissa_length_int=\count303
\l__siunitx_number_uncert_length_int=\count304
\l__siunitx_round_int=\count305
\l__siunitx_process_decimal_int=\count306
\l__siunitx_process_uncertainty_int=\count307
\l__siunitx_process_fixed_int=\count308
\l__siunitx_process_integer_min_int=\count309
\l__siunitx_process_precision_int=\count310
\l__siunitx_group_min_int=\count311
\l__siunitx_angle_marker_box=\box62
\l__siunitx_angle_unit_box=\box63
\l__siunitx_angle_marker_dim=\dimen187
\l__siunitx_angle_unit_dim=\dimen188
\l__siunitx_unit_int=\count312
\l__siunitx_unit_denominator_int=\count313
\l__siunitx_unit_numerator_int=\count314
\l__siunitx_unit_prefix_int=\count315
\l__siunitx_unit_prefix_base_int=\count316
\l__siunitx_unit_prefix_gram_int=\count317
\l__siunitx_number_product_int=\count318
\c__siunitx_one_fill_skip=\skip64
\l__siunitx_table_unit_align_skip=\skip65
\l__siunitx_table_exponent_dim=\dimen189
\l__siunitx_table_integer_dim=\dimen190
\l__siunitx_table_mantissa_dim=\dimen191
\l__siunitx_table_marker_dim=\dimen192
\l__siunitx_table_result_dim=\dimen193
\l__siunitx_table_uncert_dim=\dimen194
\l__siunitx_table_fill_pre_dim=\dimen195
\l__siunitx_table_fill_post_dim=\dimen196
\l__siunitx_table_fill_mid_dim=\dimen197
\l__siunitx_table_pre_box=\box64
\l__siunitx_table_post_box=\box65
\l__siunitx_table_mantissa_box=\box66
\l__siunitx_table_result_box=\box67
\l__siunitx_table_number_align_skip=\skip66
\l__siunitx_table_text_align_skip=\skip67

(c:/texlive/2022/texmf-dist/tex/latex/translator/translator.sty
Package: translator 2021-05-31 v1.12d Easy translation of strings in LaTeX
))
(c:/texlive/2022/texmf-dist/tex/latex/geometry/geometry.sty
Package: geometry 2020/01/02 v5.9 Page Geometry

(c:/texlive/2022/texmf-dist/tex/generic/iftex/ifvtex.sty
Package: ifvtex 2019/10/25 v1.7 ifvtex legacy package. Use iftex instead.

(c:/texlive/2022/texmf-dist/tex/generic/iftex/iftex.sty
Package: iftex 2022/02/03 v1.0f TeX engine tests
))
\Gm@cnth=\count319
\Gm@cntv=\count320
\c@Gm@tempcnt=\count321
\Gm@bindingoffset=\dimen198
\Gm@wd@mp=\dimen199
\Gm@odd@mp=\dimen256
\Gm@even@mp=\dimen257
\Gm@layoutwidth=\dimen258
\Gm@layoutheight=\dimen259
\Gm@layouthoffset=\dimen260
\Gm@layoutvoffset=\dimen261
\Gm@dimlist=\toks25
)
(c:/texlive/2022/texmf-dist/tex/latex/graphics/color.sty
Package: color 2022/01/06 v1.3d Standard LaTeX Color (DPC)

(c:/texlive/2022/texmf-dist/tex/latex/graphics-cfg/color.cfg
File: color.cfg 2016/01/02 v1.6 sample color configuration
)
Package color Info: Driver file: xetex.def on input line 149.

(c:/texlive/2022/texmf-dist/tex/latex/graphics/mathcolor.ltx))
(c:/texlive/2022/texmf-dist/tex/latex/makecell/makecell.sty
Package: makecell 2009/08/03 V0.1e Managing of Tab Column Heads and Cells
\rotheadsize=\dimen262
\c@nlinenum=\count322
\TeXr@lab=\toks26
)
(c:/texlive/2022/texmf-dist/tex/latex/booktabs/booktabs.sty
Package: booktabs 2020/01/12 v1.61803398 Publication quality tables
\heavyrulewidth=\dimen263
\lightrulewidth=\dimen264
\cmidrulewidth=\dimen265
\belowrulesep=\dimen266
\belowbottomsep=\dimen267
\aboverulesep=\dimen268
\abovetopsep=\dimen269
\cmidrulesep=\dimen270
\cmidrulekern=\dimen271
\defaultaddspace=\dimen272
\@cmidla=\count323
\@cmidlb=\count324
\@aboverulesep=\dimen273
\@belowrulesep=\dimen274
\@thisruleclass=\count325
\@lastruleclass=\count326
\@thisrulewidth=\dimen275
)
(c:/texlive/2022/texmf-dist/tex/generic/ulem/ulem.sty
\UL@box=\box68
\UL@hyphenbox=\box69
\UL@skip=\skip68
\UL@hook=\toks27
\UL@height=\dimen276
\UL@pe=\count327
\UL@pixel=\dimen277
\ULC@box=\box70
Package: ulem 2019/11/18
\ULdepth=\dimen278
)
(c:/texlive/2022/texmf-dist/tex/latex/multirow/multirow.sty
Package: multirow 2021/03/15 v2.8 Span multiple rows of a table
\multirow@colwidth=\skip69
\multirow@cntb=\count328
\multirow@dima=\skip70
\bigstrutjot=\dimen279
)
(c:/texlive/2022/texmf-dist/tex/latex/float/float.sty
Package: float 2001/11/08 v1.3d Float enhancements (AL)
\c@float@type=\count329
\float@exts=\toks28
\float@box=\box71
\@float@everytoks=\toks29
\@floatcapt=\box72
)
(c:/texlive/2022/texmf-dist/tex/latex/caption/caption2.sty
Package: caption2 2021/01/20 v2.2i Customising captions (AR)

(c:/texlive/2022/texmf-dist/tex/latex/caption/caption3.sty
Package: caption3 2022/03/17 v2.3b caption3 kernel (AR)
\caption@tempdima=\dimen280
\captionmargin=\dimen281
\caption@leftmargin=\dimen282
\caption@rightmargin=\dimen283
\caption@width=\dimen284
\caption@indent=\dimen285
\caption@parindent=\dimen286
\caption@hangindent=\dimen287
Package caption Info: Standard document class detected.
)
Package caption2 Info: Running in caption2 v2.0 compatibility mode on input lin
e 231.
\captionlinewidth=\dimen288
\realcaptionwidth=\dimen289
Package caption2 Info: float package is loaded on input line 335.
Package caption2 Info: longtable package is not loaded on input line 352.
Package caption2 Info: subfigure package is not loaded on input line 445.
)
(c:/texlive/2022/texmf-dist/tex/latex/was/upgreek.sty
Package: upgreek 2003/02/12 v2.0 (WaS)
Package upgreek Info: Using Euler Roman for upright Greek on input line 31.
\symugrf@m=\mathgroup6
LaTeX Font Info:    Overwriting symbol font `ugrf@m' in version `bold'
(Font)                  U/eur/m/n --> U/eur/b/n on input line 38.
) (./mori.aux

LaTeX Warning: Label `tab:addlabel' multiply defined.


LaTeX Warning: Label `tab:addlabel' multiply defined.

)
\openout1 = `mori.aux'.

LaTeX Font Info:    Checking defaults for OML/cmm/m/it on input line 27.
LaTeX Font Info:    ... okay on input line 27.
LaTeX Font Info:    Checking defaults for OMS/cmsy/m/n on input line 27.
LaTeX Font Info:    ... okay on input line 27.
LaTeX Font Info:    Checking defaults for OT1/cmr/m/n on input line 27.
LaTeX Font Info:    ... okay on input line 27.
LaTeX Font Info:    Checking defaults for T1/cmr/m/n on input line 27.
LaTeX Font Info:    ... okay on input line 27.
LaTeX Font Info:    Checking defaults for TS1/cmr/m/n on input line 27.
LaTeX Font Info:    ... okay on input line 27.
LaTeX Font Info:    Checking defaults for TU/lmr/m/n on input line 27.
LaTeX Font Info:    ... okay on input line 27.
LaTeX Font Info:    Checking defaults for OMX/cmex/m/n on input line 27.
LaTeX Font Info:    ... okay on input line 27.
LaTeX Font Info:    Checking defaults for U/cmr/m/n on input line 27.
LaTeX Font Info:    ... okay on input line 27.
LaTeX Font Info:    Checking defaults for T3/cmr/m/n on input line 27.
LaTeX Font Info:    Trying to load font information for T3+cmr on input line 27
.
 (c:/texlive/2022/texmf-dist/tex/latex/tipa/t3cmr.fd
File: t3cmr.fd 2001/12/31 TIPA font definitions
)
LaTeX Font Info:    ... okay on input line 27.

Package fontspec Info: Adjusting the maths setup (use [no-math] to avoid
(fontspec)             this).

\symlegacymaths=\mathgroup7
LaTeX Font Info:    Overwriting symbol font `legacymaths' in version `bold'
(Font)                  OT1/cmr/m/n --> OT1/cmr/bx/n on input line 27.
LaTeX Font Info:    Redeclaring math accent \acute on input line 27.
LaTeX Font Info:    Redeclaring math accent \grave on input line 27.
LaTeX Font Info:    Redeclaring math accent \ddot on input line 27.
LaTeX Font Info:    Redeclaring math accent \tilde on input line 27.
LaTeX Font Info:    Redeclaring math accent \bar on input line 27.
LaTeX Font Info:    Redeclaring math accent \breve on input line 27.
LaTeX Font Info:    Redeclaring math accent \check on input line 27.
LaTeX Font Info:    Redeclaring math accent \hat on input line 27.
LaTeX Font Info:    Redeclaring math accent \dot on input line 27.
LaTeX Font Info:    Redeclaring math accent \mathring on input line 27.
LaTeX Font Info:    Redeclaring math symbol \Gamma on input line 27.
LaTeX Font Info:    Redeclaring math symbol \Delta on input line 27.
LaTeX Font Info:    Redeclaring math symbol \Theta on input line 27.
LaTeX Font Info:    Redeclaring math symbol \Lambda on input line 27.
LaTeX Font Info:    Redeclaring math symbol \Xi on input line 27.
LaTeX Font Info:    Redeclaring math symbol \Pi on input line 27.
LaTeX Font Info:    Redeclaring math symbol \Sigma on input line 27.
LaTeX Font Info:    Redeclaring math symbol \Upsilon on input line 27.
LaTeX Font Info:    Redeclaring math symbol \Phi on input line 27.
LaTeX Font Info:    Redeclaring math symbol \Psi on input line 27.
LaTeX Font Info:    Redeclaring math symbol \Omega on input line 27.
LaTeX Font Info:    Redeclaring math symbol \mathdollar on input line 27.
LaTeX Font Info:    Redeclaring symbol font `operators' on input line 27.
LaTeX Font Info:    Encoding `OT1' has changed to `TU' for symbol font
(Font)              `operators' in the math version `normal' on input line 27.
LaTeX Font Info:    Overwriting symbol font `operators' in version `normal'
(Font)                  OT1/cmr/m/n --> TU/lmr/m/n on input line 27.
LaTeX Font Info:    Encoding `OT1' has changed to `TU' for symbol font
(Font)              `operators' in the math version `bold' on input line 27.
LaTeX Font Info:    Overwriting symbol font `operators' in version `bold'
(Font)                  OT1/cmr/bx/n --> TU/lmr/m/n on input line 27.
LaTeX Font Info:    Overwriting symbol font `operators' in version `normal'
(Font)                  TU/lmr/m/n --> TU/lmr/m/n on input line 27.
LaTeX Font Info:    Overwriting math alphabet `\mathit' in version `normal'
(Font)                  OT1/cmr/m/it --> TU/lmr/m/it on input line 27.
LaTeX Font Info:    Overwriting math alphabet `\mathbf' in version `normal'
(Font)                  OT1/cmr/bx/n --> TU/lmr/b/n on input line 27.
LaTeX Font Info:    Overwriting math alphabet `\mathsf' in version `normal'
(Font)                  OT1/cmss/m/n --> TU/lmss/m/n on input line 27.
LaTeX Font Info:    Overwriting math alphabet `\mathtt' in version `normal'
(Font)                  OT1/cmtt/m/n --> TU/lmtt/m/n on input line 27.
LaTeX Font Info:    Overwriting symbol font `operators' in version `bold'
(Font)                  TU/lmr/m/n --> TU/lmr/b/n on input line 27.
LaTeX Font Info:    Overwriting math alphabet `\mathit' in version `bold'
(Font)                  OT1/cmr/bx/it --> TU/lmr/b/it on input line 27.
LaTeX Font Info:    Overwriting math alphabet `\mathsf' in version `bold'
(Font)                  OT1/cmss/bx/n --> TU/lmss/b/n on input line 27.
LaTeX Font Info:    Overwriting math alphabet `\mathtt' in version `bold'
(Font)                  OT1/cmtt/m/n --> TU/lmtt/b/n on input line 27.

(c:/texlive/2022/texmf-dist/tex/latex/siunitx/siunitx-abbreviations.cfg
File: siunitx-abbreviations.cfg 2021-04-17 v2.8e siunitx: Abbreviated units
)
(c:/texlive/2022/texmf-dist/tex/latex/translator/translator-basic-dictionary-En
glish.dict
Dictionary: translator-basic-dictionary, Language: English 
)
*geometry* driver: auto-detecting
*geometry* detected driver: xetex
*geometry* verbose mode - [ preamble ] result:
* driver: xetex
* paper: a4paper
* layout: <same size as paper>
* layoutoffset:(h,v)=(0.0pt,0.0pt)
* modes: twoside 
* h-part:(L,W,R)=(71.70166pt, 418.25368pt, 107.55254pt)
* v-part:(T,H,B)=(101.40665pt, 591.5302pt, 152.11pt)
* \paperwidth=597.50787pt
* \paperheight=845.04684pt
* \textwidth=418.25368pt
* \textheight=591.5302pt
* \oddsidemargin=-0.56833pt
* \evensidemargin=35.28255pt
* \topmargin=-0.93083pt
* \headheight=12.0pt
* \headsep=18.06749pt
* \topskip=10.0pt
* \footskip=25.29494pt
* \marginparwidth=125.0pt
* \marginparsep=7.0pt
* \columnsep=10.0pt
* \skip\footins=9.0pt plus 4.0pt minus 2.0pt
* \hoffset=0.0pt
* \voffset=0.0pt
* \mag=1000
* \@twocolumnfalse
* \@twosidetrue
* \@mparswitchtrue
* \@reversemarginfalse
* (1in=72.27pt=25.4mm, 1cm=28.453pt)

Package caption Info: Begin \AtBeginDocument code.
Package caption Info: End \AtBeginDocument code.
LaTeX Font Info:    Trying to load font information for U+msa on input line 27.

(c:/texlive/2022/texmf-dist/tex/latex/amsfonts/umsa.fd
File: umsa.fd 2013/01/14 v3.01 AMS symbols A
)
LaTeX Font Info:    Trying to load font information for U+msb on input line 27.


(c:/texlive/2022/texmf-dist/tex/latex/amsfonts/umsb.fd
File: umsb.fd 2013/01/14 v3.01 AMS symbols B
)

Package fontspec Info: Could not resolve font "KaiTi/BI" (it probably doesn't
(fontspec)             exist).


Package fontspec Info: Could not resolve font "KaiTi/B" (it probably doesn't
(fontspec)             exist).


Package fontspec Info: Could not resolve font "KaiTi/I" (it probably doesn't
(fontspec)             exist).


Package fontspec Info: Font family 'KaiTi(0)' created for font 'KaiTi' with
(fontspec)             options [Script={CJK}].
(fontspec)              
(fontspec)              This font family consists of the following NFSS
(fontspec)             series/shapes:
(fontspec)              
(fontspec)             - 'normal' (m/n) with NFSS spec.:
(fontspec)             <->"KaiTi/OT:script=hani;language=dflt;"
(fontspec)             - 'small caps'  (m/sc) with NFSS spec.: 



LaTeX Font Warning: Font shape `TU/KaiTi(0)/b/n' undefined
(Font)              using `TU/KaiTi(0)/m/n' instead on input line 28.

[1


] [2

]
第一章

Package fontspec Info: Could not resolve font "FangSong/BI" (it probably
(fontspec)             doesn't exist).


Package fontspec Info: Could not resolve font "FangSong/B" (it probably
(fontspec)             doesn't exist).


Package fontspec Info: Could not resolve font "FangSong/I" (it probably
(fontspec)             doesn't exist).


Package fontspec Info: Font family 'FangSong(0)' created for font 'FangSong'
(fontspec)             with options [Script={CJK}].
(fontspec)              
(fontspec)              This font family consists of the following NFSS
(fontspec)             series/shapes:
(fontspec)              
(fontspec)             - 'normal' (m/n) with NFSS spec.:
(fontspec)             <->"FangSong/OT:script=hani;language=dflt;"
(fontspec)             - 'small caps'  (m/sc) with NFSS spec.: 


LaTeX Font Warning: Font shape `TU/FangSong(0)/b/n' undefined
(Font)              using `TU/FangSong(0)/m/n' instead on input line 41.

LaTeX Font Info:    Trying to load font information for OMS+lmr on input line 5
2.
(c:/texlive/2022/texmf-dist/tex/latex/lm/omslmr.fd
File: omslmr.fd 2015/05/01 v1.6.1 Font defs for Latin Modern
)
LaTeX Font Info:    Trying to load font information for OMS+lmsy on input line 
52.

(c:/texlive/2022/texmf-dist/tex/latex/lm/omslmsy.fd
File: omslmsy.fd 2015/05/01 v1.6.1 Font defs for Latin Modern
)
LaTeX Font Info:    Font shape `OMS/lmr/m/n' in size <10.53937> not available
(Font)              Font shape `OMS/lmsy/m/n' tried instead on input line 52.
 [3]
LaTeX Font Info:    Font shape `TU/SimSun(0)/m/sl' in size <10.53937> not avail
able
(Font)              Font shape `TU/SimSun(0)/m/it' tried instead on input line 
75.
 [4] [5] [6] [7]
File: nai.png Graphic file (type bmp)
<nai.png>

[8] [9]
Underfull \vbox (badness 10000) has occurred while \output is active []

 [10]
[11] [12] [13] [14]
Overfull \hbox (19.51854pt too wide) in paragraph at lines 323--324
[]\TU/SimSun(0)/m/n/10.53937 此 外，| |   [][]、| \TU/lmr/m/n/10.53937 2.5% \TU/Sim
Sun(0)/m/n/10.53937 敌 百 虫、| \TU/lmr/m/n/10.53937 KMnO$[]$ |\TU/SimSun(0)/m/n/10
.53937 （高 锰 酸 钾） 、|    |   [][]、|
 []

[15] [16] [17]
Underfull \vbox (badness 4205) has occurred while \output is active []

 [18]
[19]
Underfull \vbox (badness 10000) has occurred while \output is active []

 [20]
[21] [22]
Missing character: There is no ​ (U+200B) in font [lmroman10-regular]:mapping=t
ex-text;!
[23] [24] [25] [26] [27] [28]
Missing character: There is no ① (U+2460) in font [lmroman10-regular]:mapping=t
ex-text;!
Missing character: There is no ② (U+2461) in font [lmroman10-regular]:mapping=t
ex-text;!
[29]
Missing character: There is no ① (U+2460) in font [lmroman10-regular]:mapping=t
ex-text;!
Missing character: There is no ② (U+2461) in font [lmroman10-regular]:mapping=t
ex-text;!
[30] [31]
Missing character: There is no ① (U+2460) in font [lmroman10-regular]:mapping=t
ex-text;!
Missing character: There is no ② (U+2461) in font [lmroman10-regular]:mapping=t
ex-text;!
Missing character: There is no ③ (U+2462) in font [lmroman10-regular]:mapping=t
ex-text;!
Missing character: There is no ④ (U+2463) in font [lmroman10-regular]:mapping=t
ex-text;!
Missing character: There is no ⑤ (U+2464) in font [lmroman10-regular]:mapping=t
ex-text;!
Missing character: There is no ① (U+2460) in font [lmroman10-regular]:mapping=t
ex-text;!
Missing character: There is no ② (U+2461) in font [lmroman10-regular]:mapping=t
ex-text;!
Missing character: There is no ③ (U+2462) in font [lmroman10-regular]:mapping=t
ex-text;!
[32] [33]
Missing character: There is no ① (U+2460) in font [lmroman10-regular]:mapping=t
ex-text;!
Missing character: There is no ② (U+2461) in font [lmroman10-regular]:mapping=t
ex-text;!
Missing character: There is no ③ (U+2462) in font [lmroman10-regular]:mapping=t
ex-text;!
Missing character: There is no ① (U+2460) in font [lmroman10-regular]:mapping=t
ex-text;!
[34]
Missing character: There is no ② (U+2461) in font [lmroman10-regular]:mapping=t
ex-text;!
Missing character: There is no ③ (U+2462) in font [lmroman10-regular]:mapping=t
ex-text;!
Missing character: There is no ④ (U+2463) in font [lmroman10-regular]:mapping=t
ex-text;!
Missing character: There is no ⑤ (U+2464) in font [lmroman10-regular]:mapping=t
ex-text;!
Missing character: There is no ⑥ (U+2465) in font [lmroman10-regular]:mapping=t
ex-text;!
[35] [36] [37] [38] [39]
Missing character: There is no ① (U+2460) in font [lmroman10-regular]:mapping=t
ex-text;!
Missing character: There is no ② (U+2461) in font [lmroman10-regular]:mapping=t
ex-text;!

Underfull \vbox (badness 10000) has occurred while \output is active []

 [40]
Missing character: There is no ① (U+2460) in font [lmroman10-regular]:mapping=t
ex-text;!
Missing character: There is no ② (U+2461) in font [lmroman10-regular]:mapping=t
ex-text;!

Underfull \vbox (badness 1173) has occurred while \output is active []

 [41]
[42]
Missing character: There is no ① (U+2460) in font [lmroman10-regular]:mapping=t
ex-text;!
Missing character: There is no ② (U+2461) in font [lmroman10-regular]:mapping=t
ex-text;!
Missing character: There is no ③ (U+2462) in font [lmroman10-regular]:mapping=t
ex-text;!
Missing character: There is no ④ (U+2463) in font [lmroman10-regular]:mapping=t
ex-text;!
[43]
Missing character: There is no ① (U+2460) in font [lmroman10-regular]:mapping=t
ex-text;!
Missing character: There is no ② (U+2461) in font [lmroman10-regular]:mapping=t
ex-text;!
Missing character: There is no ③ (U+2462) in font [lmroman10-regular]:mapping=t
ex-text;!
[44]
Missing character: There is no ① (U+2460) in font [lmroman10-regular]:mapping=t
ex-text;!
Missing character: There is no ② (U+2461) in font [lmroman10-regular]:mapping=t
ex-text;!
Missing character: There is no ③ (U+2462) in font [lmroman10-regular]:mapping=t
ex-text;!
[45] [46]
Missing character: There is no ① (U+2460) in font [lmroman10-regular]:mapping=t
ex-text;!
Missing character: There is no ② (U+2461) in font [lmroman10-regular]:mapping=t
ex-text;!
[47]
Missing character: There is no ① (U+2460) in font [lmroman10-regular]:mapping=t
ex-text;!
Missing character: There is no ② (U+2461) in font [lmroman10-regular]:mapping=t
ex-text;!
Missing character: There is no ③ (U+2462) in font [lmroman10-regular]:mapping=t
ex-text;!

Overfull \hbox (41.73988pt too wide) in paragraph at lines 1013--1039
 [][][] 
 []

[48] [49] [50] [51] [52]
Missing character: There is no 〜 (U+301C) in font SimSun/OT:script=hani;languag
e=dflt;!
Missing character: There is no ① (U+2460) in font [lmroman10-regular]:mapping=t
ex-text;!
[53]
Missing character: There is no ② (U+2461) in font [lmroman10-regular]:mapping=t
ex-text;!
Missing character: There is no ③ (U+2462) in font [lmroman10-regular]:mapping=t
ex-text;!
Missing character: There is no ① (U+2460) in font [lmroman10-regular]:mapping=t
ex-text;!
Missing character: There is no ② (U+2461) in font [lmroman10-regular]:mapping=t
ex-text;!
[54]
Underfull \vbox (badness 7221) has occurred while \output is active []

 [55]
[56] [57] [58] [59] [60] [61]
Missing character: There is no 〜 (U+301C) in font SimSun/OT:script=hani;languag
e=dflt;!
[62] [63] [64] [65] [66] [67] [68] [69] [70

]
第二章
[71] [72] [73] [74] [75] [76] [77] [78] [79] [80

]
第三章
[81] [82] [83] [84]
File: liugan.png Graphic file (type bmp)
<liugan.png>
File: mianfen.png Graphic file (type bmp)
<mianfen.png>
 [85] [86]
第四章
[87

] [88] [89] [90] [91]
Missing character: There is no ― (U+2015) in font [lmroman10-regular]:mapping=t
ex-text;!
[92]
Underfull \vbox (badness 1028) has occurred while \output is active []

 [93]
[94] [95] [96]
第五章
[97

] [98]
第六章
[99

]
Underfull \vbox (badness 1014) has occurred while \output is active []

 [100]
[101] [102]
第七章
[103

] [104] [105] [106] [107] [108] [109]
Underfull \vbox (badness 1881) has occurred while \output is active []

 [110]
Underfull \vbox (badness 3364) has occurred while \output is active []

 [111]
[112]
第八章
[113

] [114] [115] [116] [117] [118] [119] [120] [121] [122] [123] [124]
[125] [126

]
第九章
[127]
Missing character: There is no 〜 (U+301C) in font SimSun/OT:script=hani;languag
e=dflt;!
Missing character: There is no 〜 (U+301C) in font SimSun/OT:script=hani;languag
e=dflt;!
Missing character: There is no 〜 (U+301C) in font SimSun/OT:script=hani;languag
e=dflt;!
Missing character: There is no 〜 (U+301C) in font SimSun/OT:script=hani;languag
e=dflt;!
Missing character: There is no 〜 (U+301C) in font SimSun/OT:script=hani;languag
e=dflt;!
[128] [129] [130] [131] [132

]
第十章
Missing character: There is no ① (U+2460) in font [lmroman10-regular]:mapping=t
ex-text;!
Missing character: There is no ② (U+2461) in font [lmroman10-regular]:mapping=t
ex-text;!
Missing character: There is no ③ (U+2462) in font [lmroman10-regular]:mapping=t
ex-text;!
Missing character: There is no ④ (U+2463) in font [lmroman10-regular]:mapping=t
ex-text;!
Missing character: There is no ⑤ (U+2464) in font [lmroman10-regular]:mapping=t
ex-text;!
Missing character: There is no ⑥ (U+2465) in font [lmroman10-regular]:mapping=t
ex-text;!
Missing character: There is no ① (U+2460) in font [lmroman10-regular]:mapping=t
ex-text;!
Missing character: There is no ② (U+2461) in font [lmroman10-regular]:mapping=t
ex-text;!
Missing character: There is no ③ (U+2462) in font [lmroman10-regular]:mapping=t
ex-text;!
Missing character: There is no ④ (U+2463) in font [lmroman10-regular]:mapping=t
ex-text;!
Missing character: There is no ⑤ (U+2464) in font [lmroman10-regular]:mapping=t
ex-text;!

Underfull \vbox (badness 1320) has occurred while \output is active []

 [133]
Overfull \hbox (76.96964pt too wide) in paragraph at lines 2747--2756
 [][][] 
 []


Overfull \hbox (121.2771pt too wide) in paragraph at lines 2762--2769
 [][][] 
 []


Overfull \hbox (17.47433pt too wide) in paragraph at lines 2776--2786
 [][][] 
 []


Underfull \vbox (badness 1406) has occurred while \output is active []

 [134]
Underfull \vbox (badness 10000) has occurred while \output is active []

 [135]
Missing character: There is no ① (U+2460) in font [lmroman10-regular]:mapping=t
ex-text;!
Missing character: There is no ② (U+2461) in font [lmroman10-regular]:mapping=t
ex-text;!
Missing character: There is no ③ (U+2462) in font [lmroman10-regular]:mapping=t
ex-text;!
Missing character: There is no ④ (U+2463) in font [lmroman10-regular]:mapping=t
ex-text;!
Missing character: There is no ⑤ (U+2464) in font [lmroman10-regular]:mapping=t
ex-text;!
Missing character: There is no ① (U+2460) in font [lmroman10-regular]:mapping=t
ex-text;!
Missing character: There is no ② (U+2461) in font [lmroman10-regular]:mapping=t
ex-text;!
Missing character: There is no ③ (U+2462) in font [lmroman10-regular]:mapping=t
ex-text;!
Missing character: There is no ④ (U+2463) in font [lmroman10-regular]:mapping=t
ex-text;!
Missing character: There is no ⑤ (U+2464) in font [lmroman10-regular]:mapping=t
ex-text;!
Missing character: There is no ① (U+2460) in font [lmroman10-regular]:mapping=t
ex-text;!
Missing character: There is no ⑤ (U+2464) in font [lmroman10-regular]:mapping=t
ex-text;!
[136] [137] [138

]
第十一章
[139] [140

]
第十二章
[141]
Missing character: There is no ① (U+2460) in font [lmroman10-regular]:mapping=t
ex-text;!
Missing character: There is no ② (U+2461) in font [lmroman10-regular]:mapping=t
ex-text;!
Missing character: There is no ③ (U+2462) in font [lmroman10-regular]:mapping=t
ex-text;!
Missing character: There is no ① (U+2460) in font [lmroman10-regular]:mapping=t
ex-text;!
Missing character: There is no ② (U+2461) in font [lmroman10-regular]:mapping=t
ex-text;!
[142]

LaTeX Warning: Command \textperthousand invalid in math mode on input line 2921
.


LaTeX Warning: Command \textperthousand invalid in math mode on input line 2922
.


LaTeX Warning: Command \textperthousand invalid in math mode on input line 2922
.

Missing character: There is no 〜 (U+301C) in font SimSun/OT:script=hani;languag
e=dflt;!

Underfull \vbox (badness 5105) has occurred while \output is active []

 [143]
[144] [145]
Missing character: There is no ① (U+2460) in font [lmroman10-regular]:mapping=t
ex-text;!
Missing character: There is no ② (U+2461) in font [lmroman10-regular]:mapping=t
ex-text;!
Missing character: There is no ③ (U+2462) in font [lmroman10-regular]:mapping=t
ex-text;!
[146]
Missing character: There is no ① (U+2460) in font [lmroman10-regular]:mapping=t
ex-text;!
Missing character: There is no ② (U+2461) in font [lmroman10-regular]:mapping=t
ex-text;!
Missing character: There is no ③ (U+2462) in font [lmroman10-regular]:mapping=t
ex-text;!
Missing character: There is no ④ (U+2463) in font [lmroman10-regular]:mapping=t
ex-text;!
Missing character: There is no ⑤ (U+2464) in font [lmroman10-regular]:mapping=t
ex-text;!
Missing character: There is no ① (U+2460) in font [lmroman10-regular]:mapping=t
ex-text;!
Missing character: There is no ② (U+2461) in font [lmroman10-regular]:mapping=t
ex-text;!
Missing character: There is no ③ (U+2462) in font [lmroman10-regular]:mapping=t
ex-text;!
Missing character: There is no ④ (U+2463) in font [lmroman10-regular]:mapping=t
ex-text;!
Missing character: There is no ⑤ (U+2464) in font [lmroman10-regular]:mapping=t
ex-text;!
Missing character: There is no ⑥ (U+2465) in font [lmroman10-regular]:mapping=t
ex-text;!
Missing character: There is no ① (U+2460) in font [lmroman10-regular]:mapping=t
ex-text;!
Missing character: There is no ② (U+2461) in font [lmroman10-regular]:mapping=t
ex-text;!
Missing character: There is no ③ (U+2462) in font [lmroman10-regular]:mapping=t
ex-text;!

Underfull \vbox (badness 1776) has occurred while \output is active []

 [147]
Overfull \hbox (317.41174pt too wide) in paragraph at lines 3145--3150
 [][][] 
 []

[148] [149] [150]
Missing character: There is no ① (U+2460) in font [lmroman10-regular]:mapping=t
ex-text;!
Missing character: There is no ② (U+2461) in font [lmroman10-regular]:mapping=t
ex-text;!
[151]
Missing character: There is no ③ (U+2462) in font [lmroman10-regular]:mapping=t
ex-text;!
Missing character: There is no ④ (U+2463) in font [lmroman10-regular]:mapping=t
ex-text;!
Missing character: There is no ① (U+2460) in font [lmroman10-regular]:mapping=t
ex-text;!
[152]
Missing character: There is no ② (U+2461) in font [lmroman10-regular]:mapping=t
ex-text;!
Missing character: There is no ① (U+2460) in font [lmroman10-regular]:mapping=t
ex-text;!
Missing character: There is no ② (U+2461) in font [lmroman10-regular]:mapping=t
ex-text;!
Missing character: There is no ③ (U+2462) in font [lmroman10-regular]:mapping=t
ex-text;!
Missing character: There is no ④ (U+2463) in font [lmroman10-regular]:mapping=t
ex-text;!
Missing character: There is no ⑤ (U+2464) in font [lmroman10-regular]:mapping=t
ex-text;!
Missing character: There is no ⑥ (U+2465) in font [lmroman10-regular]:mapping=t
ex-text;!
Missing character: There is no ⑦ (U+2466) in font [lmroman10-regular]:mapping=t
ex-text;!
[153] [154] [155] [156] [157] [158] [159] [160]
Missing character: There is no ① (U+2460) in font [lmroman10-regular]:mapping=t
ex-text;!
Missing character: There is no ② (U+2461) in font [lmroman10-regular]:mapping=t
ex-text;!
[161] [162]
Missing character: There is no ① (U+2460) in font [lmroman10-regular]:mapping=t
ex-text;!
Missing character: There is no ② (U+2461) in font [lmroman10-regular]:mapping=t
ex-text;!
Missing character: There is no ③ (U+2462) in font [lmroman10-regular]:mapping=t
ex-text;!
Missing character: There is no ④ (U+2463) in font [lmroman10-regular]:mapping=t
ex-text;!
[163] [164] [165]
Missing character: There is no ① (U+2460) in font [lmroman10-regular]:mapping=t
ex-text;!
Missing character: There is no ② (U+2461) in font [lmroman10-regular]:mapping=t
ex-text;!
Missing character: There is no ③ (U+2462) in font [lmroman10-regular]:mapping=t
ex-text;!
[166] [167] [168] [169] [170]
Missing character: There is no ① (U+2460) in font [lmroman10-regular]:mapping=t
ex-text;!
Missing character: There is no ② (U+2461) in font [lmroman10-regular]:mapping=t
ex-text;!
Missing character: There is no ③ (U+2462) in font [lmroman10-regular]:mapping=t
ex-text;!
Missing character: There is no ④ (U+2463) in font [lmroman10-regular]:mapping=t
ex-text;!
Missing character: There is no ⑤ (U+2464) in font [lmroman10-regular]:mapping=t
ex-text;!
Missing character: There is no ⑥ (U+2465) in font [lmroman10-regular]:mapping=t
ex-text;!
[171] [172]
Missing character: There is no ① (U+2460) in font [lmroman10-regular]:mapping=t
ex-text;!
Missing character: There is no ② (U+2461) in font [lmroman10-regular]:mapping=t
ex-text;!
Missing character: There is no ③ (U+2462) in font [lmroman10-regular]:mapping=t
ex-text;!
[173]
Missing character: There is no ④ (U+2463) in font [lmroman10-regular]:mapping=t
ex-text;!
Missing character: There is no ⑤ (U+2464) in font [lmroman10-regular]:mapping=t
ex-text;!
Missing character: There is no ⑥ (U+2465) in font [lmroman10-regular]:mapping=t
ex-text;!
Missing character: There is no ⑦ (U+2466) in font [lmroman10-regular]:mapping=t
ex-text;!
Missing character: There is no ① (U+2460) in font [lmroman10-regular]:mapping=t
ex-text;!
Missing character: There is no ② (U+2461) in font [lmroman10-regular]:mapping=t
ex-text;!
Missing character: There is no ③ (U+2462) in font [lmroman10-regular]:mapping=t
ex-text;!
Missing character: There is no ① (U+2460) in font [lmroman10-regular]:mapping=t
ex-text;!
Missing character: There is no ② (U+2461) in font [lmroman10-regular]:mapping=t
ex-text;!
Missing character: There is no ③ (U+2462) in font [lmroman10-regular]:mapping=t
ex-text;!
[174]
Missing character: There is no 外 (U+5916) in font [lmroman7-regular]:mapping=te
x-text;!
Missing character: There is no 圆 (U+5706) in font [lmroman7-regular]:mapping=te
x-text;!
[175]
Missing character: There is no ① (U+2460) in font [lmroman10-regular]:mapping=t
ex-text;!
Missing character: There is no ② (U+2461) in font [lmroman10-regular]:mapping=t
ex-text;!
Missing character: There is no ③ (U+2462) in font [lmroman10-regular]:mapping=t
ex-text;!

Underfull \vbox (badness 3068) has occurred while \output is active []

 [176]
[177]
Underfull \vbox (badness 5578) has occurred while \output is active []

 [178]
Overfull \hbox (132.82205pt too wide) in paragraph at lines 4134--4146
 [][][] 
 []

Missing character: There is no ① (U+2460) in font [lmroman10-regular]:mapping=t
ex-text;!
Missing character: There is no ② (U+2461) in font [lmroman10-regular]:mapping=t
ex-text;!
Missing character: There is no ③ (U+2462) in font [lmroman10-regular]:mapping=t
ex-text;!
Missing character: There is no ① (U+2460) in font [lmroman10-regular]:mapping=t
ex-text;!
[179]
Missing character: There is no ② (U+2461) in font [lmroman10-regular]:mapping=t
ex-text;!
Missing character: There is no ① (U+2460) in font [lmroman10-regular]:mapping=t
ex-text;!
Missing character: There is no ② (U+2461) in font [lmroman10-regular]:mapping=t
ex-text;!
Missing character: There is no ③ (U+2462) in font [lmroman10-regular]:mapping=t
ex-text;!
[180]
Missing character: There is no ① (U+2460) in font [lmroman10-regular]:mapping=t
ex-text;!
Missing character: There is no ② (U+2461) in font [lmroman10-regular]:mapping=t
ex-text;!
Missing character: There is no ③ (U+2462) in font [lmroman10-regular]:mapping=t
ex-text;!
Missing character: There is no ④ (U+2463) in font [lmroman10-regular]:mapping=t
ex-text;!
[181]
Missing character: There is no ② (U+2461) in font [lmroman10-regular]:mapping=t
ex-text;!
[182]
Missing character: There is no ① (U+2460) in font [lmroman10-regular]:mapping=t
ex-text;!
Missing character: There is no ② (U+2461) in font [lmroman10-regular]:mapping=t
ex-text;!
Missing character: There is no ③ (U+2462) in font [lmroman10-regular]:mapping=t
ex-text;!
Missing character: There is no ④ (U+2463) in font [lmroman10-regular]:mapping=t
ex-text;!
[183]
Missing character: There is no ① (U+2460) in font [lmroman10-regular]:mapping=t
ex-text;!
Missing character: There is no ② (U+2461) in font [lmroman10-regular]:mapping=t
ex-text;!
[184]
Missing character: There is no ① (U+2460) in font [lmroman10-regular]:mapping=t
ex-text;!
Missing character: There is no ② (U+2461) in font [lmroman10-regular]:mapping=t
ex-text;!
Missing character: There is no ③ (U+2462) in font [lmroman10-regular]:mapping=t
ex-text;!
[185]
Missing character: There is no ① (U+2460) in font [lmroman10-regular]:mapping=t
ex-text;!
Missing character: There is no ② (U+2461) in font [lmroman10-regular]:mapping=t
ex-text;!
Missing character: There is no ③ (U+2462) in font [lmroman10-regular]:mapping=t
ex-text;!
[186] [187]
Missing character: There is no ① (U+2460) in font [lmroman10-regular]:mapping=t
ex-text;!
Missing character: There is no ② (U+2461) in font [lmroman10-regular]:mapping=t
ex-text;!
Missing character: There is no ③ (U+2462) in font [lmroman10-regular]:mapping=t
ex-text;!
Missing character: There is no ① (U+2460) in font [lmroman10-regular]:mapping=t
ex-text;!
Missing character: There is no ② (U+2461) in font [lmroman10-regular]:mapping=t
ex-text;!
Missing character: There is no ③ (U+2462) in font [lmroman10-regular]:mapping=t
ex-text;!
Missing character: There is no ④ (U+2463) in font [lmroman10-regular]:mapping=t
ex-text;!
Missing character: There is no ⑤ (U+2464) in font [lmroman10-regular]:mapping=t
ex-text;!
Missing character: There is no ⑥ (U+2465) in font [lmroman10-regular]:mapping=t
ex-text;!
Missing character: There is no ⑦ (U+2466) in font [lmroman10-regular]:mapping=t
ex-text;!
Missing character: There is no ⑧ (U+2467) in font [lmroman10-regular]:mapping=t
ex-text;!
[188] [189] [190

]
第十三章

Underfull \vbox (badness 10000) has occurred while \output is active []

 [191]
[192] [193] [194] [195] [196] [197] [198] [199]
Underfull \vbox (badness 1648) has occurred while \output is active []

 [200]
[201] [202] [203]
Missing character: There is no γ (U+03B3) in font [lmroman10-regular]:mapping=t
ex-text;!
[204] [205]
Missing character: There is no ② (U+2461) in font [lmroman10-regular]:mapping=t
ex-text;!
Missing character: There is no ③ (U+2462) in font [lmroman10-regular]:mapping=t
ex-text;!
[206] [207] [208] [209] [210]
Overfull \hbox (342.66592pt too wide) in paragraph at lines 4969--4991
 [][][] 
 []

[211] [212] [213] [214] [215]
Underfull \vbox (badness 1067) has occurred while \output is active []

 [216]
[217] [218

]
第十四章
[219] [220] [221] [222] [223] [224] [225]
Missing character: There is no ① (U+2460) in font [lmroman10-regular]:mapping=t
ex-text;!
Missing character: There is no ② (U+2461) in font [lmroman10-regular]:mapping=t
ex-text;!
[226]
Overfull \hbox (253.24817pt too wide) in paragraph at lines 5386--5427
 [][][] 
 []


LaTeX Warning: Float too large for page by 13.76784pt on input line 5427.


Overfull \hbox (60.4894pt too wide) in paragraph at lines 5438--5448
 [][][] 
 []

[227] [228]
Underfull \vbox (badness 7433) has occurred while \output is active []

 [229]
Missing character: There is no ① (U+2460) in font [lmroman10-regular]:mapping=t
ex-text;!
Missing character: There is no ② (U+2461) in font [lmroman10-regular]:mapping=t
ex-text;!
Missing character: There is no ③ (U+2462) in font [lmroman10-regular]:mapping=t
ex-text;!
Missing character: There is no ④ (U+2463) in font [lmroman10-regular]:mapping=t
ex-text;!

Overfull \hbox (444.81743pt too wide) in paragraph at lines 5508--5542
 [][][] 
 []

[230]
Overfull \hbox (186.37915pt too wide) in paragraph at lines 5566--5594
 [][][] 
 []

[231] [232] [233] [234] [235] [236] [237] [238] [239]
Underfull \vbox (badness 10000) has occurred while \output is active []

 [240]
[241]
Underfull \vbox (badness 3872) has occurred while \output is active []

 [242]
Missing character: There is no ① (U+2460) in font [lmroman10-regular]:mapping=t
ex-text;!
Missing character: There is no ② (U+2461) in font [lmroman10-regular]:mapping=t
ex-text;!
Missing character: There is no ① (U+2460) in font [lmroman10-regular]:mapping=t
ex-text;!
Missing character: There is no ② (U+2461) in font [lmroman10-regular]:mapping=t
ex-text;!
Missing character: There is no ③ (U+2462) in font [lmroman10-regular]:mapping=t
ex-text;!
Missing character: There is no ① (U+2460) in font [lmroman10-regular]:mapping=t
ex-text;!
Missing character: There is no ② (U+2461) in font [lmroman10-regular]:mapping=t
ex-text;!
Missing character: There is no ③ (U+2462) in font [lmroman10-regular]:mapping=t
ex-text;!
Missing character: There is no ④ (U+2463) in font [lmroman10-regular]:mapping=t
ex-text;!
Missing character: There is no ⑤ (U+2464) in font [lmroman10-regular]:mapping=t
ex-text;!
Missing character: There is no ⑥ (U+2465) in font [lmroman10-regular]:mapping=t
ex-text;!
Missing character: There is no ⑦ (U+2466) in font [lmroman10-regular]:mapping=t
ex-text;!
Missing character: There is no ⑧ (U+2467) in font [lmroman10-regular]:mapping=t
ex-text;!
[243]
Missing character: There is no ① (U+2460) in font [lmroman10-regular]:mapping=t
ex-text;!
Missing character: There is no ② (U+2461) in font [lmroman10-regular]:mapping=t
ex-text;!
Missing character: There is no ③ (U+2462) in font [lmroman10-regular]:mapping=t
ex-text;!
[244]
Overfull \hbox (67.59149pt too wide) in paragraph at lines 5904--5918
 [][][] 
 []


Underfull \vbox (badness 1210) has occurred while \output is active []

 [245]
Missing character: There is no ① (U+2460) in font [lmroman10-regular]:mapping=t
ex-text;!
Missing character: There is no ② (U+2461) in font [lmroman10-regular]:mapping=t
ex-text;!
Missing character: There is no ③ (U+2462) in font [lmroman10-regular]:mapping=t
ex-text;!
[246] [247] [248] [249]
Missing character: There is no ① (U+2460) in font [lmroman10-regular]:mapping=t
ex-text;!
[250]
Missing character: There is no ② (U+2461) in font [lmroman10-regular]:mapping=t
ex-text;!
[251] [252] [253] [254] [255]
Overfull \hbox (56.50067pt too wide) in paragraph at lines 6198--6206
 [][][] 
 []

[256] [257] [258] [259] [260] [261] [262] [263] [264]
Underfull \vbox (badness 10000) has occurred while \output is active []

 [265]
[266]
第十五章
[267

] [268] [269] [270] [271] [272] [273]
Underfull \vbox (badness 10000) has occurred while \output is active []

 [274]
[275] [276] [277]
Missing character: There is no ① (U+2460) in font [lmroman10-regular]:mapping=t
ex-text;!
Missing character: There is no ② (U+2461) in font [lmroman10-regular]:mapping=t
ex-text;!
Missing character: There is no ③ (U+2462) in font [lmroman10-regular]:mapping=t
ex-text;!
Missing character: There is no ④ (U+2463) in font [lmroman10-regular]:mapping=t
ex-text;!
[278] [279] [280] [281]
Missing character: There is no ① (U+2460) in font [lmroman10-regular]:mapping=t
ex-text;!
Missing character: There is no ② (U+2461) in font [lmroman10-regular]:mapping=t
ex-text;!
[282]
Missing character: There is no ③ (U+2462) in font [lmroman10-regular]:mapping=t
ex-text;!
Missing character: There is no ④ (U+2463) in font [lmroman10-regular]:mapping=t
ex-text;!
Missing character: There is no ⑤ (U+2464) in font [lmroman10-regular]:mapping=t
ex-text;!
Missing character: There is no ⑥ (U+2465) in font [lmroman10-regular]:mapping=t
ex-text;!
Missing character: There is no ⑦ (U+2466) in font [lmroman10-regular]:mapping=t
ex-text;!
[283]
Missing character: There is no ⑧ (U+2467) in font [lmroman10-regular]:mapping=t
ex-text;!
Missing character: There is no ① (U+2460) in font [lmroman10-regular]:mapping=t
ex-text;!
Missing character: There is no ② (U+2461) in font [lmroman10-regular]:mapping=t
ex-text;!
Missing character: There is no ③ (U+2462) in font [lmroman10-regular]:mapping=t
ex-text;!
Missing character: There is no ④ (U+2463) in font [lmroman10-regular]:mapping=t
ex-text;!
Missing character: There is no ⑤ (U+2464) in font [lmroman10-regular]:mapping=t
ex-text;!
Missing character: There is no ⑥ (U+2465) in font [lmroman10-regular]:mapping=t
ex-text;!
Missing character: There is no ⑦ (U+2466) in font [lmroman10-regular]:mapping=t
ex-text;!
Missing character: There is no ⑧ (U+2467) in font [lmroman10-regular]:mapping=t
ex-text;!
[284] [285] [286

]
第十六章
Missing character: There is no γ (U+03B3) in font [lmroman10-regular]:mapping=t
ex-text;!
[287] [288] [289] [290]
Missing character: There is no ― (U+2015) in font [lmroman10-regular]:mapping=t
ex-text;!
[291] [292] [293] [294] [295] [296]
Overfull \hbox (640.865pt too wide) in paragraph at lines 7332--7350
 [][][] 
 []


LaTeX Warning: Float too large for page by 26.63658pt on input line 7350.

[297] [298] [299] [300] [301] [302] [303] [304] [305]
Overfull \hbox (9.26988pt too wide) in paragraph at lines 7573--7574
[]\TU/SimSun(0)/m/n/10.53937 用 会 聚 反 射 镜 将 太 阳 能 集 中 在 食 物 或 锅 底 上\TU/lmr/m/n/1
0.53937 , \TU/SimSun(0)/m/n/10.53937 就 象 一 只 敞 开 火 炉，|  锅 底 温 度 可 达 \TU/lmr/m/n
/10.53937 400 500℃;
 []

[306] [307]
Underfull \vbox (badness 1565) has occurred while \output is active []

 [308]
[309] [310] [311] [312] [313]
Missing character: There is no ① (U+2460) in font [lmroman10-regular]:mapping=t
ex-text;!
Missing character: There is no ② (U+2461) in font [lmroman10-regular]:mapping=t
ex-text;!
Missing character: There is no ③ (U+2462) in font [lmroman10-regular]:mapping=t
ex-text;!
Missing character: There is no ④ (U+2463) in font [lmroman10-regular]:mapping=t
ex-text;!
Missing character: There is no ① (U+2460) in font [lmroman10-regular]:mapping=t
ex-text;!
Missing character: There is no ② (U+2461) in font [lmroman10-regular]:mapping=t
ex-text;!
Missing character: There is no ③ (U+2462) in font [lmroman10-regular]:mapping=t
ex-text;!
[314]
Missing character: There is no ④ (U+2463) in font [lmroman10-regular]:mapping=t
ex-text;!
Missing character: There is no ⑤ (U+2464) in font [lmroman10-regular]:mapping=t
ex-text;!
[315] [316] [317] [318]
Missing character: There is no ① (U+2460) in font [lmroman10-regular]:mapping=t
ex-text;!
Missing character: There is no ② (U+2461) in font [lmroman10-regular]:mapping=t
ex-text;!
Missing character: There is no ③ (U+2462) in font [lmroman10-regular]:mapping=t
ex-text;!
[319] [320] [321] [322

]
第十七章
[323] [324]
Underfull \vbox (badness 1028) has occurred while \output is active []

 [325]
[326] [327]
Underfull \vbox (badness 1028) has occurred while \output is active []

 [328]
[329]
Underfull \vbox (badness 10000) has occurred while \output is active []

 [330]
[331] [332]
Underfull \vbox (badness 2980) has occurred while \output is active []

 [333]
[334] [335] [336] [337] [338] [339]
Missing character: There is no ① (U+2460) in font [lmroman10-regular]:mapping=t
ex-text;!
Missing character: There is no ② (U+2461) in font [lmroman10-regular]:mapping=t
ex-text;!
[340] [341] [342] (./mori.aux)

LaTeX Font Warning: Some font shapes were not available, defaults substituted.


LaTeX Warning: There were multiply-defined labels.

 ) 
Here is how much of TeX's memory you used:
 20341 strings out of 475865
 499099 string characters out of 5805584
 745709 words of memory out of 5000000
 41160 multiletter control sequences out of 15000+600000
 477295 words of font info for 111 fonts, out of 8000000 for 9000
 1348 hyphenation exceptions out of 8191
 89i,17n,97p,621b,744s stack positions out of 10000i,1000n,20000p,200000b,200000s

Output written on mori.pdf (342 pages).
